<?xml version="1.0" encoding="UTF-8"?>
<!-- Generated by org.testng.reporters.JUnitXMLReporter -->
<testsuite ignored="1" hostname="DESKTOP-6TQUSQP" failures="0" tests="1" name="Test" time="10.051" errors="0" timestamp="2022-08-09T15:44:21 IST">
  <testcase classname="automation1.LoginTest" name="loginWithOnlyEmail" time="2.702"/>
  <testcase classname="automation1.LoginTest" name="loginWithValidCredentialsTest" time="0.0">
    <ignored/>
  </testcase> <!-- loginWithValidCredentialsTest -->
</testsuite> <!-- Test -->
